
[ 1.45657960e-01+0.11348294j  4.30975509e-02-0.12184596j
 -1.78261575e-04+0.08005459j  5.03562987e-02-0.00728249j
  7.23267256e-02-0.02261927j -3.44478482e-02-0.04222821j
  5.39479524e-02+0.00895438j  1.79344587e-03-0.02675402j
  1.34646288e-01-0.1256032j  -1.04099721e-01-0.06762381j
  1.06523232e-02+0.07094564j  3.15367896e-02-0.0353778j
  7.92047445e-03+0.29789851j  1.96081268e-01-0.05835345j
 -1.13065301e-01-0.02284308j  2.56706534e-02+0.07563945j
  1.47469000e-03-0.03645903j -1.26739255e-02+0.00551437j
 -8.20510054e-02+0.01551399j  1.60117397e-02+0.02259414j
 -1.71656155e-01+0.36692211j  2.77471358e-01+0.04232941j
 -1.46931545e-01-0.04361461j  7.40189353e-03+0.10788584j
 -4.42679640e-01-0.08917052j  3.43250738e-02+0.31797145j
 -5.47885758e-02-0.21473167j -1.20985483e-01+0.0654484j
 -1.81443370e-01-0.07802774j -5.85014757e-03+0.12703337j
 -5.78106522e-02+0.01012336j -1.18130812e-02+0.02004417j]
[ 1.45657960e-01+0.11348294j  4.30975509e-02-0.12184596j
 -1.78261575e-04+0.08005459j  5.03562987e-02-0.00728249j
  7.23267256e-02-0.02261927j -3.44478482e-02-0.04222821j
  5.39479524e-02+0.00895438j  1.79344587e-03-0.02675402j
  1.34646288e-01-0.1256032j  -1.04099721e-01-0.06762381j
  1.06523232e-02+0.07094564j  3.15367896e-02-0.0353778j
  7.92047445e-03+0.29789851j  1.96081268e-01-0.05835345j
 -1.13065301e-01-0.02284308j  2.56706534e-02+0.07563945j
  1.47469000e-03-0.03645903j -1.26739255e-02+0.00551437j
 -8.20510054e-02+0.01551399j  1.60117397e-02+0.02259414j
 -1.71656155e-01+0.36692211j  2.77471358e-01+0.04232941j
 -1.46931545e-01-0.04361461j  7.40189353e-03+0.10788584j
 -4.42679640e-01-0.08917052j  3.43250738e-02+0.31797145j
 -5.47885758e-02-0.21473167j -1.20985483e-01+0.0654484j
 -1.81443370e-01-0.07802774j -5.85014757e-03+0.12703337j
 -5.78106522e-02+0.01012336j -1.18130812e-02+0.02004417j]
